<?xml version="1.0" encoding="UTF-8"?>
<!-- Generated by org.testng.reporters.JUnitReportReporter -->
<testsuite hostname="Ajay-PC" name="freeCRM.FreeCRMTest" tests="1" failures="0" timestamp="5 Aug 2018 07:50:46 GMT" time="42.433" errors="0">
  <testcase name="crmLogin" time="42.433" classname="freeCRM.FreeCRMTest"/>
</testsuite> <!-- freeCRM.FreeCRMTest -->
